# JRE version: Java(TM) SE Runtime Environment (8.0_11-b12) (build 1.8.0_11-b12)
# Java VM: Java HotSpot(TM) 64-Bit Server VM (25.11-b03 mixed mode windows-amd64 compressed oops)
Heap:
 PSYoungGen      total 1536K, used 1310K [0x00000000d7980000, 0x00000000d7b80000, 0x0000000100000000)
  eden space 1024K, 78% used [0x00000000d7980000,0x00000000d7a47bd8,0x00000000d7a80000)
  from space 512K, 100% used [0x00000000d7b00000,0x00000000d7b80000,0x00000000d7b80000)
  to   space 512K, 0% used [0x00000000d7a80000,0x00000000d7a80000,0x00000000d7b00000)
 ParOldGen       total 123392K, used 64K [0x0000000086c00000, 0x000000008e480000, 0x00000000d7980000)
  object space 123392K, 0% used [0x0000000086c00000,0x0000000086c10000,0x000000008e480000)
 Metaspace       used 3256K, capacity 4792K, committed 5120K, reserved 1056768K
  class space    used 342K, capacity 424K, committed 512K, reserved 1048576K
GC Heap History (4 events):
Event: 0.072 GC heap before
{Heap before GC invocations=1 (full 0):
 PSYoungGen      total 1024K, used 512K [0x00000000d7980000, 0x00000000d7b00000, 0x0000000100000000)
  eden space 512K, 100% used [0x00000000d7980000,0x00000000d7a00000,0x00000000d7a00000)
  from space 512K, 0% used [0x00000000d7a80000,0x00000000d7a80000,0x00000000d7b00000)
  to   space 512K, 0% used [0x00000000d7a00000,0x00000000d7a00000,0x00000000d7a80000)
 ParOldGen       total 123392K, used 0K [0x0000000086c00000, 0x000000008e480000, 0x00000000d7980000)
  object space 123392K, 0% used [0x0000000086c00000,0x0000000086c00000,0x000000008e480000)
 Metaspace       used 2541K, capacity 4480K, committed 4480K, reserved 1056768K
  class space    used 272K, capacity 384K, committed 384K, reserved 1048576K
Event: 0.083 GC heap after
Heap after GC invocations=1 (full 0):
 PSYoungGen      total 1024K, used 464K [0x00000000d7980000, 0x00000000d7b80000, 0x0000000100000000)
  eden space 512K, 0% used [0x00000000d7980000,0x00000000d7980000,0x00000000d7a00000)
  from space 512K, 90% used [0x00000000d7a00000,0x00000000d7a74010,0x00000000d7a80000)
  to   space 512K, 0% used [0x00000000d7b00000,0x00000000d7b00000,0x00000000d7b80000)
 ParOldGen       total 123392K, used 8K [0x0000000086c00000, 0x000000008e480000, 0x00000000d7980000)
  object space 123392K, 0% used [0x0000000086c00000,0x0000000086c02000,0x000000008e480000)
 Metaspace       used 2541K, capacity 4480K, committed 4480K, reserved 1056768K
  class space    used 272K, capacity 384K, committed 384K, reserved 1048576K
}
Event: 0.116 GC heap before
{Heap before GC invocations=2 (full 0):
 PSYoungGen      total 1024K, used 972K [0x00000000d7980000, 0x00000000d7b80000, 0x0000000100000000)
  eden space 512K, 99% used [0x00000000d7980000,0x00000000d79ff1f8,0x00000000d7a00000)
  from space 512K, 90% used [0x00000000d7a00000,0x00000000d7a74010,0x00000000d7a80000)
  to   space 512K, 0% used [0x00000000d7b00000,0x00000000d7b00000,0x00000000d7b80000)
 ParOldGen       total 123392K, used 8K [0x0000000086c00000, 0x000000008e480000, 0x00000000d7980000)
  object space 123392K, 0% used [0x0000000086c00000,0x0000000086c02000,0x000000008e480000)
 Metaspace       used 2887K, capacity 4500K, committed 4864K, reserved 1056768K
  class space    used 313K, capacity 388K, committed 512K, reserved 1048576K
Event: 0.117 GC heap after
Heap after GC invocations=2 (full 0):
 PSYoungGen      total 1536K, used 512K [0x00000000d7980000, 0x00000000d7b80000, 0x0000000100000000)
  eden space 1024K, 0% used [0x00000000d7980000,0x00000000d7980000,0x00000000d7a80000)
  from space 512K, 100% used [0x00000000d7b00000,0x00000000d7b80000,0x00000000d7b80000)
  to   space 512K, 0% used [0x00000000d7a80000,0x00000000d7a80000,0x00000000d7b00000)
 ParOldGen       total 123392K, used 64K [0x0000000086c00000, 0x000000008e480000, 0x00000000d7980000)
  object space 123392K, 0% used [0x0000000086c00000,0x0000000086c10000,0x000000008e480000)
 Metaspace       used 2887K, capacity 4500K, committed 4864K, reserved 1056768K
  class space    used 313K, capacity 388K, committed 512K, reserved 1048576K
}

